TN:
SF:src/modules/appointments/services/CreateAppointmentService.ts
FN:43,__decorate
FN:43,__metadata
FN:43,__param
FN:43,__awaiter
FN:43,adopt
FN:43,fulfilled
FN:43,rejected
FN:43,step
FN:43,__generator
FN:43,sent
FN:43,g.<computed>
FN:43,verb
FN:43,step
FN:43,__importDefault
FN:15,CreateAppointmentService
FN:20,CreateAppointmentService.execute
FNF:16
FNH:14
FNDA:1,__decorate
FNDA:1,__metadata
FNDA:1,__param
FNDA:3,__awaiter
FNDA:5,adopt
FNDA:5,fulfilled
FNDA:0,rejected
FNDA:7,step
FNDA:3,__generator
FNDA:5,sent
FNDA:0,g.<computed>
FNDA:9,verb
FNDA:8,step
FNDA:1,__importDefault
FNDA:2,CreateAppointmentService
FNDA:3,CreateAppointmentService.execute
DA:1,1
DA:2,1
DA:3,1
DA:4,1
DA:5,1
DA:6,1
DA:7,1
DA:8,1
DA:9,1
DA:10,1
DA:11,1
DA:12,1
DA:13,1
DA:14,1
DA:15,1
DA:16,2
DA:17,2
DA:18,2
DA:19,1
DA:20,1
DA:21,3
DA:22,3
DA:23,3
DA:24,3
DA:25,3
DA:26,3
DA:27,3
DA:28,3
DA:29,3
DA:30,3
DA:31,1
DA:32,1
DA:33,2
DA:34,2
DA:35,2
DA:36,2
DA:37,2
DA:38,3
DA:39,3
DA:40,3
DA:41,1
DA:42,1
DA:43,1
LF:43
LH:43
BRDA:43,0,0,1
BRDA:43,1,0,1
BRDA:43,2,0,0
BRDA:43,3,0,0
BRDA:43,4,0,0
BRDA:43,5,0,0
BRDA:43,6,0,1
BRDA:43,7,0,1
BRDA:43,8,0,1
BRDA:43,9,0,3
BRDA:43,10,0,5
BRDA:43,11,0,0
BRDA:43,12,0,3
BRDA:43,13,0,5
BRDA:43,14,0,4
BRDA:43,15,0,1
BRDA:43,16,0,7
BRDA:43,17,0,2
BRDA:43,18,0,5
BRDA:43,19,0,3
BRDA:43,20,0,5
BRDA:43,21,0,0
BRDA:43,22,0,9
BRDA:43,23,0,8
BRDA:43,24,0,8
BRDA:43,25,0,0
BRDA:43,26,0,16
BRDA:43,27,0,0
BRDA:43,28,0,0
BRDA:43,29,0,0
BRDA:43,30,0,0
BRDA:43,31,0,8
BRDA:43,32,0,8
BRDA:43,33,0,5
BRDA:43,34,0,0
BRDA:43,35,0,0
BRDA:43,36,0,3
BRDA:43,37,0,0
BRDA:43,38,0,2
BRDA:43,39,0,0
BRDA:43,40,0,0
BRDA:43,41,0,0
BRDA:43,42,0,0
BRDA:43,43,0,8
BRDA:43,44,0,7
BRDA:43,45,0,1
BRDA:43,46,0,8
BRDA:43,47,0,3
BRDA:43,48,0,1
BRDA:43,49,0,2
BRDA:43,50,0,0
BRDA:43,51,0,1
BRDA:43,52,0,0
BRDA:14,53,0,1
BRDA:15,54,0,2
BRDA:20,55,0,3
BRDA:43,56,0,3
BRDA:43,57,0,8
BRDA:43,58,0,3
BRDA:43,59,0,3
BRDA:30,60,0,1
BRDA:32,61,0,2
BRDA:43,62,0,2
BRF:63
BRH:43
end_of_record
TN:
SF:src/modules/users/services/AuthenticateUserService.ts
FN:60,__decorate
FN:60,__metadata
FN:60,__param
FN:60,__awaiter
FN:60,adopt
FN:60,fulfilled
FN:60,rejected
FN:60,step
FN:60,__generator
FN:60,sent
FN:60,g.<computed>
FN:60,verb
FN:60,step
FN:60,__importDefault
FN:22,AuthenticateUserService
FN:30,AuthenticateUserService.execute
FNF:16
FNH:14
FNDA:1,__decorate
FNDA:1,__metadata
FNDA:2,__param
FNDA:3,__awaiter
FNDA:5,adopt
FNDA:5,fulfilled
FNDA:0,rejected
FNDA:6,step
FNDA:3,__generator
FNDA:5,sent
FNDA:0,g.<computed>
FNDA:9,verb
FNDA:8,step
FNDA:2,__importDefault
FNDA:3,AuthenticateUserService
FNDA:3,AuthenticateUserService.execute
DA:1,1
DA:2,1
DA:3,1
DA:4,1
DA:5,1
DA:6,1
DA:7,1
DA:8,1
DA:9,1
DA:10,1
DA:11,1
DA:12,1
DA:13,1
DA:14,1
DA:15,1
DA:16,1
DA:17,1
DA:18,1
DA:19,1
DA:20,1
DA:21,1
DA:22,1
DA:23,3
DA:24,3
DA:25,3
DA:26,3
DA:27,3
DA:28,3
DA:29,1
DA:30,1
DA:31,3
DA:32,3
DA:33,3
DA:34,3
DA:35,3
DA:36,3
DA:37,1
DA:38,1
DA:39,2
DA:40,2
DA:41,2
DA:42,2
DA:43,2
DA:44,3
DA:45,3
DA:46,1
DA:47,1
DA:48,1
DA:49,1
DA:50,1
DA:51,1
DA:52,1
DA:53,1
DA:54,1
DA:55,1
DA:56,1
DA:57,3
DA:58,1
DA:59,1
DA:60,1
LF:60
LH:60
BRDA:60,0,0,1
BRDA:60,1,0,1
BRDA:60,2,0,0
BRDA:60,3,0,0
BRDA:60,4,0,0
BRDA:60,5,0,0
BRDA:60,6,0,1
BRDA:60,7,0,2
BRDA:60,8,0,2
BRDA:60,9,0,3
BRDA:60,10,0,5
BRDA:60,11,0,0
BRDA:60,12,0,3
BRDA:60,13,0,5
BRDA:60,14,0,3
BRDA:60,15,0,2
BRDA:60,16,0,6
BRDA:60,17,0,1
BRDA:60,18,0,5
BRDA:60,19,0,3
BRDA:60,20,0,5
BRDA:60,21,0,0
BRDA:60,22,0,9
BRDA:60,23,0,8
BRDA:60,24,0,8
BRDA:60,25,0,0
BRDA:60,26,0,16
BRDA:60,27,0,0
BRDA:60,28,0,0
BRDA:60,29,0,0
BRDA:60,30,0,0
BRDA:60,31,0,8
BRDA:60,32,0,8
BRDA:60,33,0,5
BRDA:60,34,0,0
BRDA:60,35,0,0
BRDA:60,36,0,3
BRDA:60,37,0,0
BRDA:60,38,0,1
BRDA:60,39,0,0
BRDA:60,40,0,0
BRDA:60,41,0,0
BRDA:60,42,0,0
BRDA:60,43,0,8
BRDA:60,44,0,6
BRDA:60,45,0,2
BRDA:60,46,0,8
BRDA:60,47,0,3
BRDA:60,48,0,2
BRDA:60,49,0,1
BRDA:60,50,0,0
BRDA:60,51,0,2
BRDA:60,52,0,0
BRDA:21,53,0,1
BRDA:22,54,0,3
BRDA:30,55,0,3
BRDA:60,56,0,3
BRDA:60,57,0,8
BRDA:34,58,0,3
BRDA:60,59,0,3
BRDA:36,60,0,1
BRDA:38,61,0,2
BRDA:60,62,0,2
BRDA:45,63,0,1
BRF:64
BRH:44
end_of_record
TN:
SF:src/modules/users/services/CreateUserService.ts
FN:45,__decorate
FN:45,__metadata
FN:45,__param
FN:45,__awaiter
FN:45,adopt
FN:45,fulfilled
FN:45,rejected
FN:45,step
FN:45,__generator
FN:45,sent
FN:45,g.<computed>
FN:45,verb
FN:45,step
FN:45,__importDefault
FN:18,CreateUserService
FN:26,CreateUserService.execute
FNF:16
FNH:14
FNDA:2,__decorate
FNDA:2,__metadata
FNDA:4,__param
FNDA:5,__awaiter
FNDA:13,adopt
FNDA:13,fulfilled
FNDA:0,rejected
FNDA:17,step
FNDA:5,__generator
FNDA:13,sent
FNDA:0,g.<computed>
FNDA:15,verb
FNDA:18,step
FNDA:2,__importDefault
FNDA:4,CreateUserService
FNDA:5,CreateUserService.execute
DA:1,1
DA:2,1
DA:3,1
DA:4,1
DA:5,1
DA:6,1
DA:7,1
DA:8,1
DA:9,1
DA:10,1
DA:11,1
DA:12,1
DA:13,1
DA:14,1
DA:15,1
DA:16,1
DA:17,2
DA:18,2
DA:19,4
DA:20,4
DA:21,4
DA:22,4
DA:23,4
DA:24,4
DA:25,2
DA:26,2
DA:27,5
DA:28,5
DA:29,5
DA:30,1
DA:31,1
DA:32,4
DA:33,4
DA:34,5
DA:35,5
DA:36,5
DA:37,5
DA:38,5
DA:39,5
DA:40,5
DA:41,5
DA:42,5
DA:43,2
DA:44,1
DA:45,1
LF:45
LH:45
BRDA:45,0,0,2
BRDA:45,1,0,2
BRDA:45,2,0,0
BRDA:45,3,0,0
BRDA:45,4,0,0
BRDA:45,5,0,0
BRDA:45,6,0,2
BRDA:45,7,0,4
BRDA:45,8,0,4
BRDA:45,9,0,5
BRDA:45,10,0,13
BRDA:45,11,0,0
BRDA:45,12,0,5
BRDA:45,13,0,13
BRDA:45,14,0,12
BRDA:45,15,0,1
BRDA:45,16,0,17
BRDA:45,17,0,4
BRDA:45,18,0,13
BRDA:45,19,0,5
BRDA:45,20,0,13
BRDA:45,21,0,0
BRDA:45,22,0,15
BRDA:45,23,0,18
BRDA:45,24,0,18
BRDA:45,25,0,0
BRDA:45,26,0,36
BRDA:45,27,0,0
BRDA:45,28,0,0
BRDA:45,29,0,0
BRDA:45,30,0,0
BRDA:45,31,0,18
BRDA:45,32,0,18
BRDA:45,33,0,13
BRDA:45,34,0,0
BRDA:45,35,0,0
BRDA:45,36,0,5
BRDA:45,37,0,0
BRDA:45,38,0,4
BRDA:45,39,0,0
BRDA:45,40,0,0
BRDA:45,41,0,0
BRDA:45,42,0,0
BRDA:45,43,0,28
BRDA:45,44,0,18
BRDA:45,45,0,17
BRDA:45,46,0,1
BRDA:45,47,0,18
BRDA:45,48,0,5
BRDA:45,49,0,1
BRDA:45,50,0,4
BRDA:45,51,0,0
BRDA:45,52,0,2
BRDA:45,53,0,0
BRDA:17,54,0,2
BRDA:18,55,0,4
BRDA:26,56,0,5
BRDA:45,57,0,5
BRDA:45,58,0,18
BRDA:27,59,0,5
BRDA:45,60,0,5
BRDA:29,61,0,1
BRDA:31,62,0,4
BRDA:45,63,0,4
BRDA:45,64,0,4
BRF:65
BRH:45
end_of_record
TN:
SF:src/modules/users/services/UpdateUserAvatarService.ts
FN:49,__decorate
FN:49,__metadata
FN:49,__param
FN:49,__awaiter
FN:49,adopt
FN:49,fulfilled
FN:49,rejected
FN:49,step
FN:49,__generator
FN:49,sent
FN:49,g.<computed>
FN:49,verb
FN:49,step
FN:49,__importDefault
FN:18,UpdateUserAvatarService
FN:26,UpdateUserAvatarService.execute
FNF:16
FNH:14
FNDA:1,__decorate
FNDA:1,__metadata
FNDA:2,__param
FNDA:4,__awaiter
FNDA:11,adopt
FNDA:11,fulfilled
FNDA:0,rejected
FNDA:14,step
FNDA:4,__generator
FNDA:11,sent
FNDA:0,g.<computed>
FNDA:12,verb
FNDA:15,step
FNDA:1,__importDefault
FNDA:3,UpdateUserAvatarService
FNDA:4,UpdateUserAvatarService.execute
DA:1,1
DA:2,1
DA:3,1
DA:4,1
DA:5,1
DA:6,1
DA:7,1
DA:8,1
DA:9,1
DA:10,1
DA:11,1
DA:12,1
DA:13,1
DA:14,1
DA:15,1
DA:16,1
DA:17,1
DA:18,1
DA:19,3
DA:20,3
DA:21,3
DA:22,3
DA:23,3
DA:24,3
DA:25,1
DA:26,1
DA:27,4
DA:28,4
DA:29,4
DA:30,4
DA:31,4
DA:32,4
DA:33,1
DA:34,1
DA:35,3
DA:36,3
DA:37,1
DA:38,4
DA:39,4
DA:40,4
DA:41,4
DA:42,4
DA:43,4
DA:44,4
DA:45,4
DA:46,4
DA:47,1
DA:48,1
DA:49,1
LF:49
LH:49
BRDA:49,0,0,1
BRDA:49,1,0,1
BRDA:49,2,0,0
BRDA:49,3,0,0
BRDA:49,4,0,0
BRDA:49,5,0,0
BRDA:49,6,0,1
BRDA:49,7,0,2
BRDA:49,8,0,2
BRDA:49,9,0,4
BRDA:49,10,0,11
BRDA:49,11,0,0
BRDA:49,12,0,4
BRDA:49,13,0,11
BRDA:49,14,0,10
BRDA:49,15,0,1
BRDA:49,16,0,14
BRDA:49,17,0,3
BRDA:49,18,0,11
BRDA:49,19,0,4
BRDA:49,20,0,11
BRDA:49,21,0,0
BRDA:49,22,0,12
BRDA:49,23,0,15
BRDA:49,24,0,15
BRDA:49,25,0,0
BRDA:49,26,0,32
BRDA:49,27,0,0
BRDA:49,28,0,0
BRDA:49,29,0,0
BRDA:49,30,0,0
BRDA:49,31,0,15
BRDA:49,32,0,15
BRDA:49,33,0,11
BRDA:49,34,0,0
BRDA:49,35,0,0
BRDA:49,36,0,6
BRDA:49,37,0,0
BRDA:49,38,0,5
BRDA:49,39,0,4
BRDA:49,40,0,2
BRDA:49,41,0,0
BRDA:49,42,0,2
BRDA:49,43,0,0
BRDA:49,44,0,0
BRDA:49,45,0,0
BRDA:49,46,0,17
BRDA:49,47,0,16
BRDA:49,48,0,1
BRDA:49,49,0,17
BRDA:49,50,0,4
BRDA:49,51,0,1
BRDA:49,52,0,3
BRDA:49,53,0,0
BRDA:49,54,0,1
BRDA:49,55,0,0
BRDA:17,56,0,1
BRDA:18,57,0,3
BRDA:26,58,0,4
BRDA:49,59,0,4
BRDA:49,60,0,17
BRDA:30,61,0,4
BRDA:49,62,0,4
BRDA:32,63,0,1
BRDA:34,64,0,3
BRDA:36,65,0,2
BRDA:36,66,0,1
BRDA:49,67,0,1
BRDA:40,68,0,3
BRDA:49,69,0,3
BRDA:49,70,0,3
BRF:71
BRH:51
end_of_record
